{
  "uid" : "1d9a3b45b41e36be",
  "name" : "test_checklogin[test_register3]",
  "fullName" : "test_regandlogin#test_checklogin",
  "historyId" : "520f413af3f33f10c20e70bb68483de1",
  "time" : {
    "start" : 1572851995506,
    "stop" : 1572851995506,
    "duration" : 0
  },
  "status" : "failed",
  "statusMessage" : "AssertionError: assert 1 == 0\n  -1\n  +0",
  "statusTrace" : "request = <SubRequest 'test_register' for <Function test_checklogin[test_register3]>>\n\n    @pytest.fixture(params=excelinfo)\n    def test_register(request):\n        ss=request.param\n        url=ss[0]\n        register_service=ss[1]\n        login_service=ss[2]\n        username=ss[3]\n        password=ss[4]\n        payload = {'service':ss[1],'username':ss[3],'password':ss[4],'is_allow_many':\"1\",'app_key':\"784DBD349CE644ABD3684A562C159585\"}\n        login=src.test.common.testrequest.TestRequest()\n        s=login.checkmethord(\"get\",ss[0],payload)\n        err_code=s[\"data\"][\"err_code\"]\n        # uuid=s[\"data\"][\"uuid\"]\n        # token=s[\"data\"][\"token\"]\n        print(\"s=======\",s)\n>       assert err_code  ==0\nE       assert 1 == 0\nE         -1\nE         +0\n\ntest_regandlogin.py:29: AssertionError",
  "flaky" : false,
  "newFailed" : false,
  "beforeStages" : [ {
    "name" : "test_register",
    "time" : {
      "start" : 1572851995507,
      "stop" : 1572851995644,
      "duration" : 137
    },
    "status" : "failed",
    "statusMessage" : "AssertionError: assert 1 == 0\n  -1\n  +0\n",
    "statusTrace" : "  File \"C:\\Users\\THTF\\AppData\\Local\\Packages\\PythonSoftwareFoundation.Python.3.7_qbz5n2kfra8p0\\LocalCache\\local-packages\\Python37\\site-packages\\pluggy\\callers.py\", line 187, in _multicall\n    res = hook_impl.function(*args)\n  File \"C:\\Users\\THTF\\AppData\\Local\\Packages\\PythonSoftwareFoundation.Python.3.7_qbz5n2kfra8p0\\LocalCache\\local-packages\\Python37\\site-packages\\_pytest\\fixtures.py\", line 949, in pytest_fixture_setup\n    result = call_fixture_func(fixturefunc, request, kwargs)\n  File \"C:\\Users\\THTF\\AppData\\Local\\Packages\\PythonSoftwareFoundation.Python.3.7_qbz5n2kfra8p0\\LocalCache\\local-packages\\Python37\\site-packages\\_pytest\\fixtures.py\", line 779, in call_fixture_func\n    res = fixturefunc(**kwargs)\n  File \"C:\\Users\\THTF\\PycharmProjects\\autotest\\src\\test\\case\\test_regandlogin.py\", line 29, in test_register\n    assert err_code  ==0\n",
    "steps" : [ ],
    "attachments" : [ ],
    "parameters" : [ ],
    "hasContent" : true,
    "stepsCount" : 0,
    "shouldDisplayMessage" : true,
    "attachmentsCount" : 0
  } ],
  "afterStages" : [ ],
  "labels" : [ {
    "name" : "suite",
    "value" : "test_regandlogin"
  }, {
    "name" : "host",
    "value" : "DESKTOP-4A0JR1L"
  }, {
    "name" : "thread",
    "value" : "148-MainThread"
  }, {
    "name" : "framework",
    "value" : "pytest"
  }, {
    "name" : "language",
    "value" : "cpython3"
  }, {
    "name" : "package",
    "value" : "test_regandlogin"
  }, {
    "name" : "resultFormat",
    "value" : "allure2"
  } ],
  "parameters" : [ {
    "name" : "test_register",
    "value" : "['http://hn216.api.yesapi.cn/', 'App.User.Register', 'App.User.Login', 'autotest520', '174b086fc6358db6154bd951a8947837']"
  } ],
  "links" : [ ],
  "hidden" : true,
  "retry" : true,
  "extra" : {
    "categories" : [ ],
    "tags" : [ ]
  },
  "source" : "1d9a3b45b41e36be.json",
  "parameterValues" : [ "['http://hn216.api.yesapi.cn/', 'App.User.Register', 'App.User.Login', 'autotest520', '174b086fc6358db6154bd951a8947837']" ]
}