{
  "uid" : "fa085a45f12d6542",
  "name" : "test_checklogin[test_register4]",
  "fullName" : "test_regandlogin#test_checklogin",
  "historyId" : "dab14ef56dc8835a1867bbeb76fa3768",
  "time" : {
    "start" : 1572852082313,
    "stop" : 1572852082313,
    "duration" : 0
  },
  "status" : "failed",
  "statusMessage" : "AssertionError: assert 1 == 0\n  -1\n  +0",
  "statusTrace" : "request = <SubRequest 'test_register' for <Function test_checklogin[test_register4]>>\n\n    @pytest.fixture(params=excelinfo)\n    def test_register(request):\n        ss=request.param\n        url=ss[0]\n        register_service=ss[1]\n        login_service=ss[2]\n        username=ss[3]\n        password=ss[4]\n        payload = {'service':ss[1],'username':ss[3],'password':ss[4],'is_allow_many':\"1\",'app_key':\"784DBD349CE644ABD3684A562C159585\"}\n        login=src.test.common.testrequest.TestRequest()\n        s=login.checkmethord(\"get\",ss[0],payload)\n        err_code=s[\"data\"][\"err_code\"]\n        # uuid=s[\"data\"][\"uuid\"]\n        # token=s[\"data\"][\"token\"]\n        print(\"s=======\",s)\n>       assert err_code  ==0\nE       assert 1 == 0\nE         -1\nE         +0\n\ntest_regandlogin.py:29: AssertionError",
  "flaky" : false,
  "newFailed" : false,
  "beforeStages" : [ {
    "name" : "test_register",
    "time" : {
      "start" : 1572852082315,
      "stop" : 1572852082459,
      "duration" : 144
    },
    "status" : "failed",
    "statusMessage" : "AssertionError: assert 1 == 0\n  -1\n  +0\n",
    "statusTrace" : "  File \"C:\\Users\\THTF\\AppData\\Local\\Packages\\PythonSoftwareFoundation.Python.3.7_qbz5n2kfra8p0\\LocalCache\\local-packages\\Python37\\site-packages\\pluggy\\callers.py\", line 187, in _multicall\n    res = hook_impl.function(*args)\n  File \"C:\\Users\\THTF\\AppData\\Local\\Packages\\PythonSoftwareFoundation.Python.3.7_qbz5n2kfra8p0\\LocalCache\\local-packages\\Python37\\site-packages\\_pytest\\fixtures.py\", line 949, in pytest_fixture_setup\n    result = call_fixture_func(fixturefunc, request, kwargs)\n  File \"C:\\Users\\THTF\\AppData\\Local\\Packages\\PythonSoftwareFoundation.Python.3.7_qbz5n2kfra8p0\\LocalCache\\local-packages\\Python37\\site-packages\\_pytest\\fixtures.py\", line 779, in call_fixture_func\n    res = fixturefunc(**kwargs)\n  File \"C:\\Users\\THTF\\PycharmProjects\\autotest\\src\\test\\case\\test_regandlogin.py\", line 29, in test_register\n    assert err_code  ==0\n",
    "steps" : [ ],
    "attachments" : [ ],
    "parameters" : [ ],
    "hasContent" : true,
    "stepsCount" : 0,
    "shouldDisplayMessage" : true,
    "attachmentsCount" : 0
  } ],
  "afterStages" : [ ],
  "labels" : [ {
    "name" : "suite",
    "value" : "test_regandlogin"
  }, {
    "name" : "host",
    "value" : "DESKTOP-4A0JR1L"
  }, {
    "name" : "thread",
    "value" : "17636-MainThread"
  }, {
    "name" : "framework",
    "value" : "pytest"
  }, {
    "name" : "language",
    "value" : "cpython3"
  }, {
    "name" : "package",
    "value" : "test_regandlogin"
  }, {
    "name" : "resultFormat",
    "value" : "allure2"
  } ],
  "parameters" : [ {
    "name" : "test_register",
    "value" : "['http://hn216.api.yesapi.cn/', 'App.User.Register', 'App.User.Login', 'autotest521', '174b086fc6358db6154bd951a8947837']"
  } ],
  "links" : [ ],
  "hidden" : false,
  "retry" : false,
  "extra" : {
    "severity" : "normal",
    "retries" : [ {
      "uid" : "64297c2417568c7a",
      "status" : "failed",
      "statusDetails" : "AssertionError: assert 1 == 0\n  -1\n  +0",
      "time" : {
        "start" : 1572851995663,
        "stop" : 1572851995663,
        "duration" : 0
      }
    } ],
    "categories" : [ {
      "name" : "Product defects",
      "matchedStatuses" : [ ],
      "flaky" : false
    } ],
    "history" : {
      "statistic" : {
        "failed" : 7,
        "broken" : 0,
        "skipped" : 0,
        "passed" : 3,
        "unknown" : 0,
        "total" : 10
      },
      "items" : [ {
        "uid" : "626df63e92da61d0",
        "reportUrl" : "http://localhost:8080/jenkins/job/autotest/43/allure/#testresult/626df63e92da61d0",
        "status" : "failed",
        "statusDetails" : "AssertionError: assert 1 == 0\n  -1\n  +0",
        "time" : {
          "start" : 1572851995663,
          "stop" : 1572851995663,
          "duration" : 0
        }
      }, {
        "uid" : "6e21aa7ac776d10",
        "reportUrl" : "http://localhost:8080/jenkins/job/autotest/42/allure/#testresult/6e21aa7ac776d10",
        "status" : "failed",
        "statusDetails" : "AssertionError: assert 1 == 0\n  -1\n  +0",
        "time" : {
          "start" : 1572832650919,
          "stop" : 1572832650919,
          "duration" : 0
        }
      }, {
        "uid" : "aa2776361b98ed45",
        "reportUrl" : "http://localhost:8080/jenkins/job/autotest/41/allure/#testresult/aa2776361b98ed45",
        "status" : "failed",
        "statusDetails" : "AssertionError: assert 1 == 0\n  -1\n  +0",
        "time" : {
          "start" : 1572832574706,
          "stop" : 1572832574706,
          "duration" : 0
        }
      }, {
        "uid" : "45c38b188f6e07f0",
        "reportUrl" : "http://localhost:8080/jenkins/job/autotest/40/allure/#testresult/45c38b188f6e07f0",
        "status" : "failed",
        "statusDetails" : "AssertionError: assert 1 == 0\n  -1\n  +0",
        "time" : {
          "start" : 1572832491459,
          "stop" : 1572832491459,
          "duration" : 0
        }
      }, {
        "uid" : "6e5ab12eb706e109",
        "reportUrl" : "http://localhost:8080/jenkins/job/autotest/39/allure/#testresult/6e5ab12eb706e109",
        "status" : "failed",
        "statusDetails" : "AssertionError: assert 1 == 0\n  -1\n  +0",
        "time" : {
          "start" : 1572832217162,
          "stop" : 1572832217162,
          "duration" : 0
        }
      } ]
    },
    "tags" : [ ]
  },
  "source" : "fa085a45f12d6542.json",
  "parameterValues" : [ "['http://hn216.api.yesapi.cn/', 'App.User.Register', 'App.User.Login', 'autotest521', '174b086fc6358db6154bd951a8947837']" ]
}